14:27:02,033 INFO [com.eviware.soapui.impl.wsdl.support.xsd.SchemaUtils] Added default schema from /com/eviware/soapui/resources/xsds/xop.xsd with targetNamespace http://www.w3.org/2004/08/xop/include
14:27:02,069 INFO [com.eviware.soapui.impl.wsdl.support.xsd.SchemaUtils] Added default schema from /com/eviware/soapui/resources/xsds/XMLSchema.xsd with targetNamespace http://www.w3.org/2001/XMLSchema
14:27:02,070 INFO [com.eviware.soapui.impl.wsdl.support.xsd.SchemaUtils] Added default schema from /com/eviware/soapui/resources/xsds/xml.xsd with targetNamespace http://www.w3.org/XML/1998/namespace
14:27:02,072 INFO [com.eviware.soapui.impl.wsdl.support.xsd.SchemaUtils] Added default schema from /com/eviware/soapui/resources/xsds/swaref.xsd with targetNamespace http://ws-i.org/profiles/basic/1.1/xsd
14:27:02,072 INFO [com.eviware.soapui.impl.wsdl.support.xsd.SchemaUtils] Added default schema from /com/eviware/soapui/resources/xsds/xmime200505.xsd with targetNamespace http://www.w3.org/2005/05/xmlmime
14:27:02,073 INFO [com.eviware.soapui.impl.wsdl.support.xsd.SchemaUtils] Added default schema from /com/eviware/soapui/resources/xsds/xmime200411.xsd with targetNamespace http://www.w3.org/2004/11/xmlmime
14:27:02,074 INFO [com.eviware.soapui.impl.wsdl.support.xsd.SchemaUtils] Added default schema from /com/eviware/soapui/resources/xsds/soapEnvelope.xsd with targetNamespace http://schemas.xmlsoap.org/soap/envelope/
14:27:02,077 INFO [com.eviware.soapui.impl.wsdl.support.xsd.SchemaUtils] Added default schema from /com/eviware/soapui/resources/xsds/soapEncoding.xsd with targetNamespace http://schemas.xmlsoap.org/soap/encoding/
14:27:02,078 INFO [com.eviware.soapui.impl.wsdl.support.xsd.SchemaUtils] Added default schema from /com/eviware/soapui/resources/xsds/soapEnvelope12.xsd with targetNamespace http://www.w3.org/2003/05/soap-envelope
14:27:02,081 INFO [com.eviware.soapui.impl.wsdl.support.xsd.SchemaUtils] Added default schema from /com/eviware/soapui/resources/xsds/soapEncoding12.xsd with targetNamespace http://www.w3.org/2003/05/soap-encoding
14:27:02,086 DEBUG [com.eviware.soapui.impl.wsdl.support.wsdl.WsdlLoader] Getting wsdl component from [http://localhost:8080/Testmart/TestMartCatalogService?wsdl]
14:27:02,165 DEBUG [com.eviware.soapui.impl.wsdl.support.wsdl.WsdlLoader] Getting wsdl component from [http://localhost:8080/Testmart/TestMartCatalogService?wsdl=1]
14:27:02,182 DEBUG [com.eviware.soapui.impl.wsdl.support.wsdl.WsdlLoader] Getting wsdl component from [http://localhost:8080/Testmart/TestMartCatalogService?xsd=1]
14:27:02,212 DEBUG [com.eviware.soapui.impl.support.definition.support.AbstractDefinitionContext] Loading Definition...
14:27:02,221 DEBUG [com.eviware.soapui.impl.wsdl.support.wsdl.WsdlInterfaceDefinition] Loading WSDL: http://localhost:8080/Testmart/TestMartCatalogService?wsdl
14:27:02,221 DEBUG [com.eviware.soapui.impl.wsdl.support.wsdl.AbstractWsdlDefinitionLoader] Returning baseInputSource [http://localhost:8080/Testmart/TestMartCatalogService?wsdl]
14:27:02,260 DEBUG [com.eviware.soapui.impl.wsdl.support.wsdl.AbstractWsdlDefinitionLoader] Returning latest import URI [http://localhost:8080/Testmart/TestMartCatalogService?wsdl=1]
14:27:02,265 DEBUG [com.eviware.soapui.impl.wsdl.support.wsdl.AbstractWsdlDefinitionLoader] Returning latest import URI [http://localhost:8080/Testmart/TestMartCatalogService?wsdl=1]
14:27:02,269 DEBUG [com.eviware.soapui.impl.wsdl.support.wsdl.AbstractWsdlDefinitionLoader] Returning latest import URI [http://localhost:8080/Testmart/TestMartCatalogService?xsd=1]
14:27:02,284 INFO [com.eviware.soapui.impl.wsdl.support.xsd.SchemaUtils] Loading schema types from [http://localhost:8080/Testmart/TestMartCatalogService?wsdl]
14:27:02,284 INFO [com.eviware.soapui.impl.wsdl.support.xsd.SchemaUtils] Getting schema http://localhost:8080/Testmart/TestMartCatalogService?wsdl
14:27:02,286 INFO [com.eviware.soapui.impl.wsdl.support.xsd.SchemaUtils] Getting schema http://localhost:8080/Testmart/TestMartCatalogService?wsdl=1
14:27:02,289 INFO [com.eviware.soapui.impl.wsdl.support.xsd.SchemaUtils] Getting schema http://localhost:8080/Testmart/TestMartCatalogService?xsd=1
14:27:02,467 DEBUG [com.eviware.soapui.impl.support.definition.support.AbstractDefinitionContext] Loaded Definition: ok
14:27:02,486 INFO [com.eviware.soapui.impl.wsdl.support.wsdl.WsdlImporter] Finding importer for {http://owenpeterson.ca/}TestMartCatalogPortBinding
14:27:02,502 INFO [com.eviware.soapui.impl.wsdl.support.wsdl.WsdlImporter] Importing binding {http://owenpeterson.ca/}TestMartCatalogPortBinding
14:27:02,535 INFO [com.eviware.soapui.impl.wsdl.support.soap.Soap11HttpBindingImporter] importing endpoint http://localhost:8080/Testmart/TestMartCatalogService
14:27:02,542 INFO [com.eviware.soapui.impl.wsdl.support.soap.Soap11HttpBindingImporter] importing operation addProduct
14:27:02,559 INFO [com.eviware.soapui.impl.wsdl.support.soap.Soap11HttpBindingImporter] importing operation fetchCategories
14:27:02,559 INFO [com.eviware.soapui.impl.wsdl.support.soap.Soap11HttpBindingImporter] importing operation getProducts
14:27:02,560 INFO [com.eviware.soapui.impl.wsdl.support.soap.Soap11HttpBindingImporter] importing operation getProductsv2
14:28:21,192 DEBUG [com.eviware.soapui.impl.wsdl.support.wsdl.WsdlLoader] Getting wsdl component from [http://localhost:8080/Testmart/ShopInfoService?wsdl]
14:28:21,225 DEBUG [com.eviware.soapui.impl.wsdl.support.wsdl.WsdlLoader] Getting wsdl component from [http://localhost:8080/Testmart/ShopInfoService?xsd=1]
14:28:21,238 DEBUG [com.eviware.soapui.impl.support.definition.support.AbstractDefinitionContext] Loading Definition...
14:28:21,242 DEBUG [com.eviware.soapui.impl.wsdl.support.wsdl.WsdlInterfaceDefinition] Loading WSDL: http://localhost:8080/Testmart/ShopInfoService?wsdl
14:28:21,242 DEBUG [com.eviware.soapui.impl.wsdl.support.wsdl.AbstractWsdlDefinitionLoader] Returning baseInputSource [http://localhost:8080/Testmart/ShopInfoService?wsdl]
14:28:21,249 DEBUG [com.eviware.soapui.impl.wsdl.support.wsdl.AbstractWsdlDefinitionLoader] Returning latest import URI [http://localhost:8080/Testmart/ShopInfoService?xsd=1]
14:28:21,254 INFO [com.eviware.soapui.impl.wsdl.support.xsd.SchemaUtils] Loading schema types from [http://localhost:8080/Testmart/ShopInfoService?wsdl]
14:28:21,254 INFO [com.eviware.soapui.impl.wsdl.support.xsd.SchemaUtils] Getting schema http://localhost:8080/Testmart/ShopInfoService?wsdl
14:28:21,256 INFO [com.eviware.soapui.impl.wsdl.support.xsd.SchemaUtils] Getting schema http://localhost:8080/Testmart/ShopInfoService?xsd=1
14:28:21,359 DEBUG [com.eviware.soapui.impl.support.definition.support.AbstractDefinitionContext] Loaded Definition: ok
14:28:21,374 INFO [com.eviware.soapui.impl.wsdl.support.wsdl.WsdlImporter] Finding importer for {http://owenpeterson.ca/}ShopInfoPortBinding
14:28:21,375 INFO [com.eviware.soapui.impl.wsdl.support.wsdl.WsdlImporter] Importing binding {http://owenpeterson.ca/}ShopInfoPortBinding
14:28:21,376 INFO [com.eviware.soapui.impl.wsdl.support.soap.Soap11HttpBindingImporter] importing endpoint http://localhost:8080/Testmart/ShopInfoService
14:28:21,376 INFO [com.eviware.soapui.impl.wsdl.support.soap.Soap11HttpBindingImporter] importing operation getShopInfo
14:28:29,699 DEBUG [com.eviware.soapui.threads] runInUIThreadAsync: asyncExec com.eviware.soapui.eclipse.EclipseSoapUIDesktop$ModelItemDesktopPanelOpener
14:29:27,736 INFO [com.eviware.soapui.impl.support.panels.AbstractHttpRequestDesktopPanel] Got response for [ShopInfoPortBinding.getShopInfo:Request 1] in 15ms (246 bytes)
14:29:57,618 INFO [com.eviware.soapui.impl.support.panels.AbstractHttpRequestDesktopPanel] Got response for [ShopInfoPortBinding.getShopInfo:Request 1] in 10ms (458 bytes)
14:41:17,339 DEBUG [com.eviware.soapui.threads] runInUIThreadAsync: asyncExec com.eviware.soapui.eclipse.EclipseSoapUIDesktop$ModelItemDesktopPanelOpener
14:41:20,095 INFO [com.eviware.soapui.impl.support.panels.AbstractHttpRequestDesktopPanel] Got response for [TestMartCatalogPortBinding.fetchCategories:Request 1] in 7ms (294 bytes)
